<?xml version="1.0" encoding="UTF-8"?>
<!-- Generated by org.testng.reporters.JUnitXMLReporter -->
<testsuite hostname="LAPTOP-IHNG9IRA" name="Regression Release = 2.50" tests="17" failures="0" timestamp="20 Oct 2019 16:41:27 GMT" time="47.776" errors="0">
  <testcase name="validateUrl" time="0.392" classname="testRun.mercuryRun"/>
  <testcase name="test" time="5.597" classname="testRun.mercuryRun"/>
  <testcase name="validateTitle" time="0.029" classname="testRun.mercuryRun"/>
  <testcase name="validateBirthMonth" time="2.216" classname="testRun.yahooRun"/>
  <testcase name="validateCont" time="0.078" classname="testRun.yahooRun"/>
  <testcase name="validateCountryCode" time="0.28" classname="testRun.yahooRun"/>
  <testcase name="validateCurrentEmailLink" time="0.09" classname="testRun.yahooRun"/>
  <testcase name="validateDay" time="0.11" classname="testRun.yahooRun"/>
  <testcase name="validateEmailAddress" time="0.093" classname="testRun.yahooRun"/>
  <testcase name="validateFirstName" time="0.094" classname="testRun.yahooRun"/>
  <testcase name="validateLastName" time="0.063" classname="testRun.yahooRun"/>
  <testcase name="validateMobileNumber" time="0.063" classname="testRun.yahooRun"/>
  <testcase name="validatePassWord" time="0.076" classname="testRun.yahooRun"/>
  <testcase name="validatePrivacyPolicy" time="0.172" classname="testRun.yahooRun"/>
  <testcase name="validateSignInLink" time="0.094" classname="testRun.yahooRun"/>
  <testcase name="validateTerms" time="0.078" classname="testRun.yahooRun"/>
  <testcase name="validateYear" time="0.078" classname="testRun.yahooRun"/>
</testsuite> <!-- Regression Release = 2.50 -->
