<?xml version="1.0" encoding="UTF-8"?>
<!-- Generated by org.testng.reporters.JUnitXMLReporter -->
<testsuite hostname="LAPTOP-IHNG9IRA" name="Default test" tests="3" failures="0" timestamp="19 Dec 2019 02:32:03 GMT" time="31.073" errors="0">
  <testcase name="validateUrl" time="0.055" classname="testRun.mercuryRun"/>
  <testcase name="test" time="4.223" classname="testRun.mercuryRun"/>
  <testcase name="validateTitle" time="0.022" classname="testRun.mercuryRun"/>
</testsuite> <!-- Default test -->
