<?xml version="1.0" encoding="UTF-8"?>
<testng-results skipped="0" failed="0" total="3" passed="3">
  <reporter-output>
  </reporter-output>
  <suite name="Default suite" duration-ms="31073" started-at="2019-12-19T02:31:31Z" finished-at="2019-12-19T02:32:03Z">
    <groups>
    </groups>
    <test name="Default test" duration-ms="31073" started-at="2019-12-19T02:31:31Z" finished-at="2019-12-19T02:32:03Z">
      <class name="testRun.mercuryRun">
        <test-method status="PASS" signature="beforeTest()[pri:0, instance:testRun.mercuryRun@48eff760]" name="beforeTest" is-config="true" duration-ms="23891" started-at="2019-12-18T21:31:31Z" finished-at="2019-12-18T21:31:55Z">
          <reporter-output>
          </reporter-output>
        </test-method> <!-- beforeTest -->
        <test-method status="PASS" signature="validateUrl()[pri:0, instance:testRun.mercuryRun@48eff760]" name="validateUrl" duration-ms="55" started-at="2019-12-18T21:31:56Z" finished-at="2019-12-18T21:31:56Z">
          <reporter-output>
          </reporter-output>
        </test-method> <!-- validateUrl -->
        <test-method status="PASS" signature="test()[pri:1, instance:testRun.mercuryRun@48eff760]" name="test" duration-ms="4223" started-at="2019-12-18T21:31:56Z" finished-at="2019-12-18T21:32:00Z">
          <reporter-output>
          </reporter-output>
        </test-method> <!-- test -->
        <test-method status="PASS" signature="validateTitle()[pri:2, instance:testRun.mercuryRun@48eff760]" name="validateTitle" duration-ms="22" started-at="2019-12-18T21:32:00Z" finished-at="2019-12-18T21:32:00Z">
          <reporter-output>
          </reporter-output>
        </test-method> <!-- validateTitle -->
        <test-method status="PASS" signature="afterTest()[pri:0, instance:testRun.mercuryRun@48eff760]" name="afterTest" is-config="true" duration-ms="2620" started-at="2019-12-18T21:32:00Z" finished-at="2019-12-18T21:32:03Z">
          <reporter-output>
          </reporter-output>
        </test-method> <!-- afterTest -->
      </class> <!-- testRun.mercuryRun -->
    </test> <!-- Default test -->
  </suite> <!-- Default suite -->
</testng-results>
