<?xml version="1.0" encoding="UTF-8"?>
<!-- Generated by org.testng.reporters.JUnitXMLReporter -->
<testsuite hostname="LAPTOP-IHNG9IRA" name="Regression Release = 12.61" tests="3" failures="0" timestamp="10 Nov 2019 01:43:19 GMT" time="22.305" errors="0">
  <testcase name="test" time="2.071" classname="testRun.mercuryParameter"/>
  <testcase name="validateUrl" time="0.023" classname="testRun.mercuryParameter"/>
  <testcase name="validateTitle" time="0.018" classname="testRun.mercuryParameter"/>
</testsuite> <!-- Regression Release = 12.61 -->
